Loading required package: Matrix
Loaded glmnet 4.1-8
Type 'citation("pROC")' for a citation.

Attaching package: ‘pROC’

The following objects are masked from ‘package:stats’:

    cov, smooth, var

Loading required package: foreach
Loading required package: doParallel
Loading required package: iterators
Setting levels: control = 0, case = 1
Setting direction: controls < cases
Setting levels: control = 0, case = 1
Setting direction: controls < cases
Setting levels: control = 0, case = 1
Setting direction: controls < cases
Setting levels: control = 0, case = 1
Setting direction: controls < cases
Setting levels: control = 0, case = 1
Setting direction: controls < cases
Setting levels: control = 0, case = 1
Setting direction: controls < cases
Setting levels: control = 0, case = 1
Setting direction: controls < cases
Setting levels: control = 0, case = 1
Setting direction: controls < cases
Setting levels: control = 0, case = 1
Setting direction: controls < cases
Setting levels: control = 0, case = 1
Setting direction: controls < cases
Setting levels: control = 0, case = 1
Setting direction: controls < cases
Setting levels: control = 0, case = 1
Setting direction: controls < cases
Setting levels: control = 0, case = 1
Setting direction: controls < cases
Setting levels: control = 0, case = 1
Setting direction: controls < cases
Setting levels: control = 0, case = 1
Setting direction: controls < cases
Setting levels: control = 0, case = 1
Setting direction: controls < cases
Setting levels: control = 0, case = 1
Setting direction: controls < cases
Setting levels: control = 0, case = 1
Setting direction: controls < cases
Setting levels: control = 0, case = 1
Setting direction: controls < cases
Setting levels: control = 0, case = 1
Setting direction: controls < cases
Setting levels: control = 0, case = 1
Setting direction: controls < cases
Setting levels: control = 0, case = 1
Setting direction: controls < cases
Setting levels: control = 0, case = 1
Setting direction: controls < cases
Setting levels: control = 0, case = 1
Setting direction: controls < cases
Setting levels: control = 0, case = 1
Setting direction: controls < cases
Setting levels: control = 0, case = 1
Setting direction: controls < cases
Setting levels: control = 0, case = 1
Setting direction: controls < cases
Setting levels: control = 0, case = 1
Setting direction: controls < cases
Setting levels: control = 0, case = 1
Setting direction: controls < cases
Setting levels: control = 0, case = 1
Setting direction: controls < cases
Setting levels: control = 0, case = 1
Setting direction: controls < cases
Setting levels: control = 0, case = 1
Setting direction: controls < cases
Setting levels: control = 0, case = 1
Setting direction: controls < cases
Setting levels: control = 0, case = 1
Setting direction: controls < cases
Setting levels: control = 0, case = 1
Setting direction: controls < cases
Setting levels: control = 0, case = 1
Setting direction: controls < cases
Setting levels: control = 0, case = 1
Setting direction: controls < cases
Setting levels: control = 0, case = 1
Setting direction: controls < cases
Setting levels: control = 0, case = 1
Setting direction: controls < cases
Setting levels: control = 0, case = 1
Setting direction: controls < cases
Setting levels: control = 0, case = 1
Setting direction: controls < cases
Setting levels: control = 0, case = 1
Setting direction: controls < cases
Setting levels: control = 0, case = 1
Setting direction: controls < cases
Setting levels: control = 0, case = 1
Setting direction: controls < cases
Setting levels: control = 0, case = 1
Setting direction: controls < cases
Setting levels: control = 0, case = 1
Setting direction: controls < cases
Setting levels: control = 0, case = 1
Setting direction: controls < cases
Setting levels: control = 0, case = 1
Setting direction: controls < cases
Setting levels: control = 0, case = 1
Setting direction: controls < cases
Setting levels: control = 0, case = 1
Setting direction: controls < cases
Setting levels: control = 0, case = 1
Setting direction: controls < cases
Setting levels: control = 0, case = 1
Setting direction: controls < cases
Setting levels: control = 0, case = 1
Setting direction: controls < cases
Setting levels: control = 0, case = 1
Setting direction: controls < cases
Setting levels: control = 0, case = 1
Setting direction: controls < cases
Setting levels: control = 0, case = 1
Setting direction: controls < cases
Setting levels: control = 0, case = 1
Setting direction: controls < cases
Setting levels: control = 0, case = 1
Setting direction: controls < cases
Setting levels: control = 0, case = 1
Setting direction: controls < cases
Setting levels: control = 0, case = 1
Setting direction: controls < cases
Setting levels: control = 0, case = 1
Setting direction: controls < cases
Setting levels: control = 0, case = 1
Setting direction: controls < cases
Setting levels: control = 0, case = 1
Setting direction: controls < cases
Setting levels: control = 0, case = 1
Setting direction: controls < cases
Setting levels: control = 0, case = 1
Setting direction: controls < cases
Setting levels: control = 0, case = 1
Setting direction: controls < cases
Setting levels: control = 0, case = 1
Setting direction: controls < cases
Setting levels: control = 0, case = 1
Setting direction: controls < cases
Setting levels: control = 0, case = 1
Setting direction: controls < cases
Setting levels: control = 0, case = 1
Setting direction: controls < cases
Setting levels: control = 0, case = 1
Setting direction: controls < cases
Setting levels: control = 0, case = 1
Setting direction: controls < cases
Setting levels: control = 0, case = 1
Setting direction: controls < cases
Setting levels: control = 0, case = 1
Setting direction: controls < cases
Setting levels: control = 0, case = 1
Setting direction: controls < cases
Setting levels: control = 0, case = 1
Setting direction: controls < cases
Setting levels: control = 0, case = 1
Setting direction: controls < cases
Setting levels: control = 0, case = 1
Setting direction: controls < cases
Setting levels: control = 0, case = 1
Setting direction: controls < cases
Setting levels: control = 0, case = 1
Setting direction: controls < cases
Setting levels: control = 0, case = 1
Setting direction: controls < cases
Setting levels: control = 0, case = 1
Setting direction: controls < cases
Setting levels: control = 0, case = 1
Setting direction: controls < cases
Setting levels: control = 0, case = 1
Setting direction: controls < cases
Setting levels: control = 0, case = 1
Setting direction: controls < cases
Setting levels: control = 0, case = 1
Setting direction: controls < cases
Setting levels: control = 0, case = 1
Setting direction: controls < cases
Setting levels: control = 0, case = 1
Setting direction: controls < cases
Setting levels: control = 0, case = 1
Setting direction: controls < cases
Setting levels: control = 0, case = 1
Setting direction: controls < cases
Setting levels: control = 0, case = 1
Setting direction: controls < cases
Setting levels: control = 0, case = 1
Setting direction: controls < cases
Setting levels: control = 0, case = 1
Setting direction: controls < cases
Setting levels: control = 0, case = 1
Setting direction: controls < cases
Setting levels: control = 0, case = 1
Setting direction: controls < cases
Setting levels: control = 0, case = 1
Setting direction: controls < cases
Setting levels: control = 0, case = 1
Setting direction: controls < cases
Setting levels: control = 0, case = 1
Setting direction: controls < cases
Setting levels: control = 0, case = 1
Setting direction: controls < cases
Setting levels: control = 0, case = 1
Setting direction: controls < cases
Setting levels: control = 0, case = 1
Setting direction: controls < cases
Setting levels: control = 0, case = 1
Setting direction: controls < cases
Setting levels: control = 0, case = 1
Setting direction: controls < cases
Setting levels: control = 0, case = 1
Setting direction: controls < cases
Setting levels: control = 0, case = 1
Setting direction: controls < cases
Setting levels: control = 0, case = 1
Setting direction: controls < cases
Setting levels: control = 0, case = 1
Setting direction: controls < cases
Setting levels: control = 0, case = 1
Setting direction: controls < cases
Setting levels: control = 0, case = 1
Setting direction: controls < cases
Setting levels: control = 0, case = 1
Setting direction: controls < cases
Setting levels: control = 0, case = 1
Setting direction: controls < cases
Setting levels: control = 0, case = 1
Setting direction: controls < cases
Setting levels: control = 0, case = 1
Setting direction: controls < cases
Setting levels: control = 0, case = 1
Setting direction: controls < cases
Setting levels: control = 0, case = 1
Setting direction: controls < cases
Setting levels: control = 0, case = 1
Setting direction: controls < cases
Setting levels: control = 0, case = 1
Setting direction: controls < cases
Setting levels: control = 0, case = 1
Setting direction: controls < cases
Setting levels: control = 0, case = 1
Setting direction: controls < cases
Setting levels: control = 0, case = 1
Setting direction: controls < cases
Setting levels: control = 0, case = 1
Setting direction: controls < cases
Setting levels: control = 0, case = 1
Setting direction: controls < cases
Setting levels: control = 0, case = 1
Setting direction: controls < cases
Setting levels: control = 0, case = 1
Setting direction: controls < cases
Setting levels: control = 0, case = 1
Setting direction: controls < cases
Setting levels: control = 0, case = 1
Setting direction: controls < cases
Setting levels: control = 0, case = 1
Setting direction: controls < cases
Setting levels: control = 0, case = 1
Setting direction: controls < cases
Setting levels: control = 0, case = 1
Setting direction: controls < cases
Setting levels: control = 0, case = 1
Setting direction: controls < cases
Setting levels: control = 0, case = 1
Setting direction: controls < cases
Setting levels: control = 0, case = 1
Setting direction: controls < cases
Setting levels: control = 0, case = 1
Setting direction: controls < cases
Setting levels: control = 0, case = 1
Setting direction: controls < cases
Setting levels: control = 0, case = 1
Setting direction: controls < cases
Setting levels: control = 0, case = 1
Setting direction: controls < cases
Setting levels: control = 0, case = 1
Setting direction: controls < cases
Setting levels: control = 0, case = 1
Setting direction: controls < cases
Setting levels: control = 0, case = 1
Setting direction: controls < cases
Setting levels: control = 0, case = 1
Setting direction: controls < cases
Setting levels: control = 0, case = 1
Setting direction: controls < cases
Setting levels: control = 0, case = 1
Setting direction: controls < cases
Setting levels: control = 0, case = 1
Setting direction: controls < cases
Setting levels: control = 0, case = 1
Setting direction: controls < cases
Setting levels: control = 0, case = 1
Setting direction: controls < cases
Setting levels: control = 0, case = 1
Setting direction: controls < cases
Setting levels: control = 0, case = 1
Setting direction: controls < cases
Setting levels: control = 0, case = 1
Setting direction: controls < cases
Setting levels: control = 0, case = 1
Setting direction: controls < cases
Setting levels: control = 0, case = 1
Setting direction: controls < cases
Setting levels: control = 0, case = 1
Setting direction: controls < cases
Setting levels: control = 0, case = 1
Setting direction: controls < cases
Setting levels: control = 0, case = 1
Setting direction: controls < cases
Setting levels: control = 0, case = 1
Setting direction: controls < cases
Setting levels: control = 0, case = 1
Setting direction: controls < cases
Setting levels: control = 0, case = 1
Setting direction: controls < cases
Setting levels: control = 0, case = 1
Setting direction: controls < cases
Setting levels: control = 0, case = 1
Setting direction: controls < cases
Setting levels: control = 0, case = 1
Setting direction: controls < cases
Setting levels: control = 0, case = 1
Setting direction: controls < cases
Setting levels: control = 0, case = 1
Setting direction: controls < cases
Setting levels: control = 0, case = 1
Setting direction: controls < cases
Setting levels: control = 0, case = 1
Setting direction: controls < cases
Setting levels: control = 0, case = 1
Setting direction: controls < cases
Setting levels: control = 0, case = 1
Setting direction: controls < cases
Setting levels: control = 0, case = 1
Setting direction: controls < cases
Setting levels: control = 0, case = 1
Setting direction: controls < cases
Setting levels: control = 0, case = 1
Setting direction: controls < cases
Setting levels: control = 0, case = 1
Setting direction: controls < cases
Setting levels: control = 0, case = 1
Setting direction: controls < cases
Setting levels: control = 0, case = 1
Setting direction: controls < cases
Setting levels: control = 0, case = 1
Setting direction: controls < cases
Setting levels: control = 0, case = 1
Setting direction: controls < cases
Setting levels: control = 0, case = 1
Setting direction: controls < cases
Setting levels: control = 0, case = 1
Setting direction: controls < cases
Setting levels: control = 0, case = 1
Setting direction: controls < cases
Setting levels: control = 0, case = 1
Setting direction: controls < cases
Setting levels: control = 0, case = 1
Setting direction: controls < cases
Setting levels: control = 0, case = 1
Setting direction: controls < cases
Setting levels: control = 0, case = 1
Setting direction: controls < cases
Setting levels: control = 0, case = 1
Setting direction: controls < cases
Setting levels: control = 0, case = 1
Setting direction: controls < cases
Setting levels: control = 0, case = 1
Setting direction: controls < cases
Setting levels: control = 0, case = 1
Setting direction: controls < cases
Setting levels: control = 0, case = 1
Setting direction: controls < cases
Setting levels: control = 0, case = 1
Setting direction: controls < cases
Setting levels: control = 0, case = 1
Setting direction: controls < cases
Setting levels: control = 0, case = 1
Setting direction: controls < cases
Setting levels: control = 0, case = 1
Setting direction: controls < cases
Setting levels: control = 0, case = 1
Setting direction: controls < cases
Setting levels: control = 0, case = 1
Setting direction: controls < cases
Setting levels: control = 0, case = 1
Setting direction: controls < cases
Setting levels: control = 0, case = 1
Setting direction: controls < cases
Setting levels: control = 0, case = 1
Setting direction: controls < cases
Setting levels: control = 0, case = 1
Setting direction: controls < cases
Setting levels: control = 0, case = 1
Setting direction: controls < cases
Setting levels: control = 0, case = 1
Setting direction: controls < cases
Setting levels: control = 0, case = 1
Setting direction: controls < cases
Setting levels: control = 0, case = 1
Setting direction: controls < cases
Setting levels: control = 0, case = 1
Setting direction: controls < cases
Warning message:
from glmnet C++ code (error code -97); Convergence for 97th lambda value not reached after maxit=100000 iterations; solutions for larger lambdas returned 
8325.846 sec elapsed
