Loading required package: glmnet
Loading required package: Matrix
Loaded glmnet 4.1-8
Loading required package: pROC
Type 'citation("pROC")' for a citation.

Attaching package: ‘pROC’

The following objects are masked from ‘package:stats’:

    cov, smooth, var

Loading required package: tictoc
Loading required package: hdi
Loading required package: scalreg
Loading required package: lars
Loaded lars 1.3

Loading required package: MASS
Loading required package: foreach
Loading required package: doParallel
Loading required package: iterators
Loading required package: parallel
Loading Simulation 1a .RData file ...
13.995 sec elapsed
Fitting models on Simulation 1a data ... 
10913.31 sec elapsed
Saving fitted model as a .RData file ...
2.018 sec elapsed
