This is pdfTeX, Version 3.141592653-2.6-1.40.25 (TeX Live 2023) (preloaded format=pdflatex 2024.2.22)  3 JUL 2024 09:19
entering extended mode
 restricted \write18 enabled.
 file:line:error style messages enabled.
 %&-line parsing enabled.
**/Users/siyangren/Documents/ra-cida/ESFGSP_Paper/Dissemination/SimulationSummary.tex
(/Users/siyangren/Documents/ra-cida/ESFGSP_Paper/Dissemination/SimulationSummary.tex
LaTeX2e <2022-11-01> patch level 1
L3 programming layer <2023-02-22> (/usr/local/texlive/2023/texmf-dist/tex/latex/base/article.cls
Document Class: article 2022/07/02 v1.4n Standard LaTeX document class
(/usr/local/texlive/2023/texmf-dist/tex/latex/base/size12.clo
File: size12.clo 2022/07/02 v1.4n Standard LaTeX file (size option)
)
\c@part=\count185
\c@section=\count186
\c@subsection=\count187
\c@subsubsection=\count188
\c@paragraph=\count189
\c@subparagraph=\count190
\c@figure=\count191
\c@table=\count192
\abovecaptionskip=\skip48
\belowcaptionskip=\skip49
\bibindent=\dimen140
) (/usr/local/texlive/2023/texmf-dist/tex/latex/amsmath/amsmath.sty
Package: amsmath 2022/04/08 v2.17n AMS math features
\@mathmargin=\skip50

For additional information on amsmath, use the `?' option.
(/usr/local/texlive/2023/texmf-dist/tex/latex/amsmath/amstext.sty
Package: amstext 2021/08/26 v2.01 AMS text
 (/usr/local/texlive/2023/texmf-dist/tex/latex/amsmath/amsgen.sty
File: amsgen.sty 1999/11/30 v2.0 generic functions
\@emptytoks=\toks16
\ex@=\dimen141
)) (/usr/local/texlive/2023/texmf-dist/tex/latex/amsmath/amsbsy.sty
Package: amsbsy 1999/11/29 v1.2d Bold Symbols
\pmbraise@=\dimen142
) (/usr/local/texlive/2023/texmf-dist/tex/latex/amsmath/amsopn.sty
Package: amsopn 2022/04/08 v2.04 operator names
)
\inf@bad=\count193
LaTeX Info: Redefining \frac on input line 234.
\uproot@=\count194
\leftroot@=\count195
LaTeX Info: Redefining \overline on input line 399.
LaTeX Info: Redefining \colon on input line 410.
\classnum@=\count196
\DOTSCASE@=\count197
LaTeX Info: Redefining \ldots on input line 496.
LaTeX Info: Redefining \dots on input line 499.
LaTeX Info: Redefining \cdots on input line 620.
\Mathstrutbox@=\box51
\strutbox@=\box52
LaTeX Info: Redefining \big on input line 722.
LaTeX Info: Redefining \Big on input line 723.
LaTeX Info: Redefining \bigg on input line 724.
LaTeX Info: Redefining \Bigg on input line 725.
\big@size=\dimen143
LaTeX Font Info:    Redeclaring font encoding OML on input line 743.
LaTeX Font Info:    Redeclaring font encoding OMS on input line 744.
\macc@depth=\count198
LaTeX Info: Redefining \bmod on input line 905.
LaTeX Info: Redefining \pmod on input line 910.
LaTeX Info: Redefining \smash on input line 940.
LaTeX Info: Redefining \relbar on input line 970.
LaTeX Info: Redefining \Relbar on input line 971.
\c@MaxMatrixCols=\count199
\dotsspace@=\muskip16
\c@parentequation=\count266
\dspbrk@lvl=\count267
\tag@help=\toks17
\row@=\count268
\column@=\count269
\maxfields@=\count270
\andhelp@=\toks18
\eqnshift@=\dimen144
\alignsep@=\dimen145
\tagshift@=\dimen146
\tagwidth@=\dimen147
\totwidth@=\dimen148
\lineht@=\dimen149
\@envbody=\toks19
\multlinegap=\skip51
\multlinetaggap=\skip52
\mathdisplay@stack=\toks20
LaTeX Info: Redefining \[ on input line 2953.
LaTeX Info: Redefining \] on input line 2954.
) (/usr/local/texlive/2023/texmf-dist/tex/latex/amsfonts/amsfonts.sty
Package: amsfonts 2013/01/14 v3.01 Basic AMSFonts support
\symAMSa=\mathgroup4
\symAMSb=\mathgroup5
LaTeX Font Info:    Redeclaring math symbol \hbar on input line 98.
LaTeX Font Info:    Overwriting math alphabet `\mathfrak' in version `bold'
(Font)                  U/euf/m/n --> U/euf/b/n on input line 106.
) (/usr/local/texlive/2023/texmf-dist/tex/latex/tools/enumerate.sty
Package: enumerate 2015/07/23 v3.00 enumerate extensions (DPC)
\@enLab=\toks21
) (/usr/local/texlive/2023/texmf-dist/tex/latex/graphics/graphicx.sty
Package: graphicx 2021/09/16 v1.2d Enhanced LaTeX Graphics (DPC,SPQR)
 (/usr/local/texlive/2023/texmf-dist/tex/latex/graphics/keyval.sty
Package: keyval 2022/05/29 v1.15 key=value parser (DPC)
\KV@toks@=\toks22
) (/usr/local/texlive/2023/texmf-dist/tex/latex/graphics/graphics.sty
Package: graphics 2022/03/10 v1.4e Standard LaTeX Graphics (DPC,SPQR)
 (/usr/local/texlive/2023/texmf-dist/tex/latex/graphics/trig.sty
Package: trig 2021/08/11 v1.11 sin cos tan (DPC)
) (/usr/local/texlive/2023/texmf-dist/tex/latex/graphics-cfg/graphics.cfg
File: graphics.cfg 2016/06/04 v1.11 sample graphics configuration
)
Package graphics Info: Driver file: pdftex.def on input line 107.
 (/usr/local/texlive/2023/texmf-dist/tex/latex/graphics-def/pdftex.def
File: pdftex.def 2022/09/22 v1.2b Graphics/color driver for pdftex
))
\Gin@req@height=\dimen150
\Gin@req@width=\dimen151
) (/usr/local/texlive/2023/texmf-dist/tex/latex/float/float.sty
Package: float 2001/11/08 v1.3d Float enhancements (AL)
\c@float@type=\count271
\float@exts=\toks23
\float@box=\box53
\@float@everytoks=\toks24
\@floatcapt=\box54
) (/usr/local/texlive/2023/texmf-dist/tex/latex/l3backend/l3backend-pdftex.def
File: l3backend-pdftex.def 2023-01-16 L3 backend support: PDF output (pdfTeX)
\l__color_backend_stack_int=\count272
\l__pdf_internal_box=\box55
) (./SimulationSummary.aux)
\openout1 = `SimulationSummary.aux'.

LaTeX Font Info:    Checking defaults for OML/cmm/m/it on input line 11.
LaTeX Font Info:    ... okay on input line 11.
LaTeX Font Info:    Checking defaults for OMS/cmsy/m/n on input line 11.
LaTeX Font Info:    ... okay on input line 11.
LaTeX Font Info:    Checking defaults for OT1/cmr/m/n on input line 11.
LaTeX Font Info:    ... okay on input line 11.
LaTeX Font Info:    Checking defaults for T1/cmr/m/n on input line 11.
LaTeX Font Info:    ... okay on input line 11.
LaTeX Font Info:    Checking defaults for TS1/cmr/m/n on input line 11.
LaTeX Font Info:    ... okay on input line 11.
LaTeX Font Info:    Checking defaults for OMX/cmex/m/n on input line 11.
LaTeX Font Info:    ... okay on input line 11.
LaTeX Font Info:    Checking defaults for U/cmr/m/n on input line 11.
LaTeX Font Info:    ... okay on input line 11.
 (/usr/local/texlive/2023/texmf-dist/tex/context/base/mkii/supp-pdf.mkii
[Loading MPS to PDF converter (version 2006.09.02).]
\scratchcounter=\count273
\scratchdimen=\dimen152
\scratchbox=\box56
\nofMPsegments=\count274
\nofMParguments=\count275
\everyMPshowfont=\toks25
\MPscratchCnt=\count276
\MPscratchDim=\dimen153
\MPnumerator=\count277
\makeMPintoPDFobject=\count278
\everyMPtoPDFconversion=\toks26
) (/usr/local/texlive/2023/texmf-dist/tex/latex/epstopdf-pkg/epstopdf-base.sty
Package: epstopdf-base 2020-01-24 v2.11 Base part for package epstopdf
Package epstopdf-base Info: Redefining graphics rule for `.eps' on input line 485.
 (/usr/local/texlive/2023/texmf-dist/tex/latex/latexconfig/epstopdf-sys.cfg
File: epstopdf-sys.cfg 2010/07/13 v1.3 Configuration of (r)epstopdf for TeX Live
))
LaTeX Font Info:    Trying to load font information for U+msa on input line 15.
 (/usr/local/texlive/2023/texmf-dist/tex/latex/amsfonts/umsa.fd
File: umsa.fd 2013/01/14 v3.01 AMS symbols A
)
LaTeX Font Info:    Trying to load font information for U+msb on input line 15.
 (/usr/local/texlive/2023/texmf-dist/tex/latex/amsfonts/umsb.fd
File: umsb.fd 2013/01/14 v3.01 AMS symbols B
)
<../Figures/ex_image_5c.png, id=1, 505.6491pt x 505.6491pt>
File: ../Figures/ex_image_5c.png Graphic file (type png)
<use ../Figures/ex_image_5c.png>
Package pdftex.def Info: ../Figures/ex_image_5c.png  used on input line 29.
(pdftex.def)             Requested size: 190.24818pt x 190.25061pt.
<../Figures/ex_image_5.png, id=2, 505.6491pt x 505.6491pt>
File: ../Figures/ex_image_5.png Graphic file (type png)
<use ../Figures/ex_image_5.png>
Package pdftex.def Info: ../Figures/ex_image_5.png  used on input line 35.
(pdftex.def)             Requested size: 190.24818pt x 190.25061pt.
<../Figures/ex_image_4.png, id=3, 505.6491pt x 505.6491pt>
File: ../Figures/ex_image_4.png Graphic file (type png)
<use ../Figures/ex_image_4.png>
Package pdftex.def Info: ../Figures/ex_image_4.png  used on input line 43.
(pdftex.def)             Requested size: 190.24818pt x 190.25061pt.
 [1

{/usr/local/texlive/2023/texmf-var/fonts/map/pdftex/updmap/pdftex.map} <../Figures/ex_image_5c.png> <../Figures/ex_image_5.png> <../Figures/ex_image_4.png>]
</Users/siyangren/Documents/ra-cida/ESFGSP_Paper/Figures/vbm_pvals.png, id=17, 505.89pt x 505.89pt>
File: /Users/siyangren/Documents/ra-cida/ESFGSP_Paper/Figures/vbm_pvals.png Graphic file (type png)
<use /Users/siyangren/Documents/ra-cida/ESFGSP_Paper/Figures/vbm_pvals.png>
Package pdftex.def Info: /Users/siyangren/Documents/ra-cida/ESFGSP_Paper/Figures/vbm_pvals.png  used on input line 63.
(pdftex.def)             Requested size: 211.3883pt x 211.39165pt.
</Users/siyangren/Documents/ra-cida/ESFGSP_Paper/Figures/vbm_pvals_corr.png, id=18, 505.89pt x 505.89pt>
File: /Users/siyangren/Documents/ra-cida/ESFGSP_Paper/Figures/vbm_pvals_corr.png Graphic file (type png)
<use /Users/siyangren/Documents/ra-cida/ESFGSP_Paper/Figures/vbm_pvals_corr.png>
Package pdftex.def Info: /Users/siyangren/Documents/ra-cida/ESFGSP_Paper/Figures/vbm_pvals_corr.png  used on input line 70.
(pdftex.def)             Requested size: 211.3883pt x 211.39165pt.
<../Figures/vbm_boxplots.png, id=19, 578.16pt x 289.08pt>
File: ../Figures/vbm_boxplots.png Graphic file (type png)
<use ../Figures/vbm_boxplots.png>
Package pdftex.def Info: ../Figures/vbm_boxplots.png  used on input line 78.
(pdftex.def)             Requested size: 328.82706pt x 164.4112pt.


LaTeX Warning: `h' float specifier changed to `ht'.

[2 </Users/siyangren/Documents/ra-cida/ESFGSP_Paper/Figures/vbm_pvals.png> </Users/siyangren/Documents/ra-cida/ESFGSP_Paper/Figures/vbm_pvals_corr.png>]
</Users/siyangren/Documents/ra-cida/ESFGSP_Paper/Figures/lasso_pvals.png, id=23, 505.89pt x 505.89pt>
File: /Users/siyangren/Documents/ra-cida/ESFGSP_Paper/Figures/lasso_pvals.png Graphic file (type png)
<use /Users/siyangren/Documents/ra-cida/ESFGSP_Paper/Figures/lasso_pvals.png>
Package pdftex.def Info: /Users/siyangren/Documents/ra-cida/ESFGSP_Paper/Figures/lasso_pvals.png  used on input line 125.
(pdftex.def)             Requested size: 211.3883pt x 211.39165pt.
</Users/siyangren/Documents/ra-cida/ESFGSP_Paper/Figures/lasso_pvals_corr.png, id=24, 505.89pt x 505.89pt>
File: /Users/siyangren/Documents/ra-cida/ESFGSP_Paper/Figures/lasso_pvals_corr.png Graphic file (type png)
<use /Users/siyangren/Documents/ra-cida/ESFGSP_Paper/Figures/lasso_pvals_corr.png>
Package pdftex.def Info: /Users/siyangren/Documents/ra-cida/ESFGSP_Paper/Figures/lasso_pvals_corr.png  used on input line 132.
(pdftex.def)             Requested size: 211.3883pt x 211.39165pt.


LaTeX Warning: `h' float specifier changed to `ht'.

<../Figures/lasso_boxplots.png, id=25, 578.16pt x 289.08pt>
File: ../Figures/lasso_boxplots.png Graphic file (type png)
<use ../Figures/lasso_boxplots.png>
Package pdftex.def Info: ../Figures/lasso_boxplots.png  used on input line 140.
(pdftex.def)             Requested size: 469.75499pt x 234.8769pt.

LaTeX Warning: `h' float specifier changed to `ht'.

[3{/usr/local/texlive/2023/texmf-dist/fonts/enc/dvips/cm-super/cm-super-ts1.enc} <../Figures/vbm_boxplots.png>] [4 </Users/siyangren/Documents/ra-cida/ESFGSP_Paper/Figures/lasso_pvals.png> </Users/siyangren/Documents/ra-cida/ESFGSP_Paper/Figures/lasso_pvals_corr.png> <../Figures/lasso_boxplots.png>]
<../Figures/sim1_p_dist.png, id=33, 1606.0pt x 1204.5pt>
File: ../Figures/sim1_p_dist.png Graphic file (type png)
<use ../Figures/sim1_p_dist.png>
Package pdftex.def Info: ../Figures/sim1_p_dist.png  used on input line 159.
(pdftex.def)             Requested size: 469.75499pt x 352.31024pt.
 [5

 <../Figures/sim1_p_dist.png>]
<../Figures/sim1_heatmap.png, id=40, 722.7pt x 578.16pt>
File: ../Figures/sim1_heatmap.png Graphic file (type png)
<use ../Figures/sim1_heatmap.png>
Package pdftex.def Info: ../Figures/sim1_heatmap.png  used on input line 170.
(pdftex.def)             Requested size: 469.75499pt x 375.80836pt.
 [6 <../Figures/sim1_heatmap.png>]
<../Figures/sim2_p_dist.png, id=44, 1606.0pt x 1204.5pt>
File: ../Figures/sim2_p_dist.png Graphic file (type png)
<use ../Figures/sim2_p_dist.png>
Package pdftex.def Info: ../Figures/sim2_p_dist.png  used on input line 185.
(pdftex.def)             Requested size: 469.75499pt x 352.31024pt.
<../Figures/sim2_heatmap.png, id=45, 722.7pt x 578.16pt>
File: ../Figures/sim2_heatmap.png Graphic file (type png)
<use ../Figures/sim2_heatmap.png>
Package pdftex.def Info: ../Figures/sim2_heatmap.png  used on input line 196.
(pdftex.def)             Requested size: 469.75499pt x 375.80836pt.
 [7 <../Figures/sim2_p_dist.png>] [8 <../Figures/sim2_heatmap.png>] (./SimulationSummary.aux) ) 
Here is how much of TeX's memory you used:
 2347 strings out of 476025
 39411 string characters out of 5790017
 1856388 words of memory out of 5000000
 22779 multiletter control sequences out of 15000+600000
 518044 words of font info for 54 fonts, out of 8000000 for 9000
 1141 hyphenation exceptions out of 8191
 57i,8n,62p,1126b,300s stack positions out of 10000i,1000n,20000p,200000b,200000s
</usr/local/texlive/2023/texmf-dist/fonts/type1/public/amsfonts/cm/cmbx12.pfb></usr/local/texlive/2023/texmf-dist/fonts/type1/public/amsfonts/cm/cmex10.pfb></usr/local/texlive/2023/texmf-dist/fonts/type1/public/amsfonts/cm/cmmi12.pfb></usr/local/texlive/2023/texmf-dist/fonts/type1/public/amsfonts/cm/cmmi8.pfb></usr/local/texlive/2023/texmf-dist/fonts/type1/public/amsfonts/cm/cmr12.pfb></usr/local/texlive/2023/texmf-dist/fonts/type1/public/amsfonts/cm/cmr8.pfb></usr/local/texlive/2023/texmf-dist/fonts/type1/public/amsfonts/cm/cmsy10.pfb></usr/local/texlive/2023/texmf-dist/fonts/type1/public/amsfonts/cm/cmsy8.pfb></usr/local/texlive/2023/texmf-dist/fonts/type1/public/amsfonts/cm/cmtt12.pfb></usr/local/texlive/2023/texmf-dist/fonts/type1/public/cm-super/sfrm1200.pfb>
Output written on SimulationSummary.pdf (8 pages, 1099879 bytes).
PDF statistics:
 98 PDF objects out of 1000 (max. 8388607)
 52 compressed objects within 1 object stream
 0 named destinations out of 1000 (max. 500000)
 66 words of extra memory for PDF output out of 10000 (max. 10000000)

